

Microchip MPLAB XC8 Assembler V2.46 build 20240104201356 
                                                                                               Fri Aug 09 00:59:24 2024

Microchip MPLAB XC8 C Compiler v2.46 (Free license) build 20240104201356 Og1 
     1                           	processor	16F72
     2                           	pagewidth 120
     3                           	opt	flic
     4                           	psect	cinit,global,class=CODE,merge=1,delta=2
     5                           	psect	cstackCOMMON,global,class=COMMON,space=1,delta=1,noexec
     6                           	psect	maintext,global,class=CODE,split=1,delta=2
     7                           	psect	idloc,global,abs,ovrld,class=IDLOC,space=5,delta=2,noexec
     8                           	psect	config,global,abs,ovrld,class=CONFIG,space=4,delta=2,noexec
     9                           	dabs	1,0x7E,2
    10     0000                     
    11                           ; Version 2.40
    12                           ; Generated 17/11/2021 GMT
    13                           ; 
    14                           ; Copyright © 2021, Microchip Technology Inc. and its subsidiaries ("Microchip")
    15                           ; All rights reserved.
    16                           ; 
    17                           ; This software is developed by Microchip Technology Inc. and its subsidiaries ("Microch
      +                          ip").
    18                           ; 
    19                           ; Redistribution and use in source and binary forms, with or without modification, are
    20                           ; permitted provided that the following conditions are met:
    21                           ; 
    22                           ;     1. Redistributions of source code must retain the above copyright notice, this lis
      +                          t of
    23                           ;        conditions and the following disclaimer.
    24                           ; 
    25                           ;     2. Redistributions in binary form must reproduce the above copyright notice, this 
      +                          list
    26                           ;        of conditions and the following disclaimer in the documentation and/or other
    27                           ;        materials provided with the distribution. Publication is not required when
    28                           ;        this file is used in an embedded application.
    29                           ; 
    30                           ;     3. Microchip's name may not be used to endorse or promote products derived from th
      +                          is
    31                           ;        software without specific prior written permission.
    32                           ; 
    33                           ; THIS SOFTWARE IS PROVIDED BY MICROCHIP "AS IS" AND ANY EXPRESS OR IMPLIED WARRANTIES,
    34                           ; INCLUDING, BUT NOT LIMITED TO, THE IMPLIED WARRANTIES OF MERCHANTABILITY AND FITNESS F
      +                          OR
    35                           ; PURPOSE ARE DISCLAIMED.  IN NO EVENT SHALL MICROCHIP BE LIABLE FOR ANY DIRECT, INDIREC
      +                          T,
    36                           ; INCIDENTAL, SPECIAL, EXEMPLARY, OR CONSEQUENTIAL DAMAGES (INCLUDING BUT NOT LIMITED TO
    37                           ; PROCUREMENT OF SUBSTITUTE GOODS OR SERVICES; LOSS OF USE, DATA OR PROFITS; OR BUSINESS
    38                           ; INTERRUPTION) HOWSOEVER CAUSED AND ON ANY THEORY OF LIABILITY, WHETHER IN CONTRACT, ST
      +                          RICT
    39                           ; LIABILITY, OR TORT (INCLUDING NEGLIGENCE OR OTHERWISE) ARISING IN ANY WAY OUT OF THE U
      +                          SE OF
    40                           ; THIS SOFTWARE, EVEN IF ADVISED OF THE POSSIBILITY OF SUCH DAMAGE.
    41                           ; 
    42                           ; 
    43                           ; Code-generator required, PIC16F72 Definitions
    44                           ; 
    45                           ; SFR Addresses
    46     0000                     	;# 
    47     0001                     	;# 
    48     0002                     	;# 
    49     0003                     	;# 
    50     0004                     	;# 
    51     0005                     	;# 
    52     0006                     	;# 
    53     0007                     	;# 
    54     000A                     	;# 
    55     000B                     	;# 
    56     000C                     	;# 
    57     000E                     	;# 
    58     000E                     	;# 
    59     000F                     	;# 
    60     0010                     	;# 
    61     0011                     	;# 
    62     0012                     	;# 
    63     0013                     	;# 
    64     0014                     	;# 
    65     0015                     	;# 
    66     0015                     	;# 
    67     0016                     	;# 
    68     0017                     	;# 
    69     001E                     	;# 
    70     001F                     	;# 
    71     0081                     	;# 
    72     0085                     	;# 
    73     0086                     	;# 
    74     0087                     	;# 
    75     008C                     	;# 
    76     008E                     	;# 
    77     0092                     	;# 
    78     0093                     	;# 
    79     0094                     	;# 
    80     009F                     	;# 
    81     010C                     	;# 
    82     010D                     	;# 
    83     010E                     	;# 
    84     010F                     	;# 
    85     018C                     	;# 
    86                           
    87                           	psect	cinit
    88     07FE                     start_initialization:	
    89                           ; #config settings
    90                           
    91     07FE                     __initialization:
    92     07FE                     end_of_initialization:	
    93                           ;End of C runtime variable initialization code
    94                           
    95     07FE                     __end_of__initialization:
    96     07FE  0183               	clrf	3
    97     07FF  2FFD               	ljmp	_main	;jump to C main() function
    98                           
    99                           	psect	cstackCOMMON
   100     0000                     __pcstackCOMMON:
   101     0000                     ?_main:
   102     0000                     ??_main:	
   103                           ; 1 bytes @ 0x0
   104                           
   105                           
   106                           	psect	maintext
   107     07FD                     __pmaintext:	
   108                           ; 1 bytes @ 0x0
   109 ;;
   110 ;;Main: autosize = 0, tempsize = 0, incstack = 0, save=0
   111 ;;
   112 ;; *************** function _main *****************
   113 ;; Defined at:
   114 ;;		line 12 in file "main.c"
   115 ;; Parameters:    Size  Location     Type
   116 ;;		None
   117 ;; Auto vars:     Size  Location     Type
   118 ;;  i               2    0        int 
   119 ;;  b               2    0        int 
   120 ;; Return value:  Size  Location     Type
   121 ;;                  1    wreg      void 
   122 ;; Registers used:
   123 ;;		None
   124 ;; Tracked objects:
   125 ;;		On entry : B00/0
   126 ;;		On exit  : 0/0
   127 ;;		Unchanged: 0/0
   128 ;; Data sizes:     COMMON   BANK0   BANK1
   129 ;;      Params:         0       0       0
   130 ;;      Locals:         0       0       0
   131 ;;      Temps:          0       0       0
   132 ;;      Totals:         0       0       0
   133 ;;Total ram usage:        0 bytes
   134 ;; This function calls:
   135 ;;		Nothing
   136 ;; This function is called by:
   137 ;;		Startup code after reset
   138 ;; This function uses a non-reentrant model
   139 ;;
   140                           
   141     07FD                     _main:	
   142                           ;psect for function _main
   143                           
   144     07FD                     l467:	
   145                           ;incstack = 0
   146                           ; Regs used in _main: []
   147                           
   148     07FD                     l5:	
   149                           ;main.c: 13:     int b;;main.c: 14:     int i;;main.c: 15:     return;
   150                           
   151     07FD  2800               	ljmp	start
   152     07FE                     __end_of_main:
   153     007E                     btemp	set	126	;btemp
   154     007E                     wtemp0	set	126
   155                           
   156                           	psect	idloc
   157                           
   158                           ;Config register IDLOC0 @ 0x2000
   159                           ;	unspecified, using default values
   160     2000                     	org	8192
   161     2000  3FFF               	dw	16383
   162                           
   163                           ;Config register IDLOC1 @ 0x2001
   164                           ;	unspecified, using default values
   165     2001                     	org	8193
   166     2001  3FFF               	dw	16383
   167                           
   168                           ;Config register IDLOC2 @ 0x2002
   169                           ;	unspecified, using default values
   170     2002                     	org	8194
   171     2002  3FFF               	dw	16383
   172                           
   173                           ;Config register IDLOC3 @ 0x2003
   174                           ;	unspecified, using default values
   175     2003                     	org	8195
   176     2003  3FFF               	dw	16383
   177                           
   178                           	psect	config
   179                           
   180                           ;Config register CONFIG @ 0x2007
   181                           ;	Oscillator Selection bits
   182                           ;	FOSC = HS, HS oscillator
   183                           ;	Watchdog Timer Enable bit
   184                           ;	WDTE = OFF, WDT disabled
   185                           ;	Power-up Timer Enable bit
   186                           ;	PWRTE = ON, PWRT enabled
   187                           ;	FLASH Program Memory Code Protection bit
   188                           ;	CP = OFF, Code protection off
   189                           ;	Brown-out Reset Enable bit
   190                           ;	BOREN = ON, BOR enabled
   191     2007                     	org	8199
   192     2007  3FF2               	dw	16370

Data Sizes:
    Strings     0
    Constant    0
    Data        0
    BSS         0
    Persistent  0
    Stack       0

Auto Spaces:
    Space          Size  Autos    Used
    COMMON           62      0       0
    BANK0            32      0       0
    BANK1            32      0       0

Pointer List with Targets:

    None.

Critical Paths under _main in COMMON

    None.

Critical Paths under _main in BANK0

    None.

Critical Paths under _main in BANK1

    None.

Call Graph Tables:

 ---------------------------------------------------------------------------------
 (Depth) Function   	        Calls       Base Space   Used Autos Params    Refs
 ---------------------------------------------------------------------------------
 (0) _main                                                 4     4      0       0
 ---------------------------------------------------------------------------------
 Estimated maximum stack depth 0
 ---------------------------------------------------------------------------------

 Call Graph Graphs:

 _main (ROOT)

 Address spaces:
Name               Size   Autos  Total    Cost      Usage
BITCOMMON           3E      0       0       0        0.0%
NULL                 0      0       0       0        0.0%
CODE                 0      0       0       0        0.0%
COMMON              3E      0       0       1        0.0%
BITSFR0              0      0       0       1        0.0%
SFR0                 0      0       0       1        0.0%
BITSFR1              0      0       0       2        0.0%
SFR1                 0      0       0       2        0.0%
STACK                0      0       0       2        0.0%
BANK0               20      0       0       3        0.0%
BITSFR3              0      0       0       4        0.0%
SFR3                 0      0       0       4        0.0%
ABS                  0      0       0       4        0.0%
BITBANK0            20      0       0       5        0.0%
BITSFR2              0      0       0       5        0.0%
SFR2                 0      0       0       5        0.0%
BITBANK1            20      0       0       6        0.0%
BANK1               20      0       0       7        0.0%
DATA                 0      0       0       8        0.0%


Microchip Technology PIC Macro Assembler V2.46 build 20240104201356 
Symbol Table                                                                                   Fri Aug 09 00:59:24 2024

                      l5 07FD                      l467 07FD                     _main 07FD  
                   btemp 007E                     start 0000                    ?_main 0000  
                  status 0003                    wtemp0 007E          __initialization 07FE  
           __end_of_main 07FE                   ??_main 0000  __end_of__initialization 07FE  
         __pcstackCOMMON 0000               __pmaintext 07FD     end_of_initialization 07FE  
    start_initialization 07FE                ___latbits 0000  
